# JRE version: Java(TM) SE Runtime Environment (8.0_311-b11) (build 1.8.0_311-b11)
# Java VM: Java HotSpot(TM) 64-Bit Server VM (25.311-b11 mixed mode windows-amd64 compressed oops)
Heap:
 PSYoungGen      total 624640K, used 226255K [0x00000000d5580000, 0x00000000fbf00000, 0x0000000100000000)
  eden space 619520K, 36% used [0x00000000d5580000,0x00000000e3123e10,0x00000000fb280000)
  from space 5120K, 26% used [0x00000000fb700000,0x00000000fb850000,0x00000000fbc00000)
  to   space 4608K, 0% used [0x00000000fb280000,0x00000000fb280000,0x00000000fb700000)
 ParOldGen       total 89600K, used 48218K [0x0000000080000000, 0x0000000085780000, 0x00000000d5580000)
  object space 89600K, 53% used [0x0000000080000000,0x0000000082f16a50,0x0000000085780000)
 Metaspace       used 36612K, capacity 38272K, committed 38400K, reserved 1081344K
  class space    used 5218K, capacity 5593K, committed 5632K, reserved 1048576K
GC Heap History (10 events):
Event: 16.350 GC heap before
{Heap before GC invocations=44 (full 2):
 PSYoungGen      total 624128K, used 621088K [0x00000000d5580000, 0x00000000fbf00000, 0x0000000100000000)
  eden space 619520K, 100% used [0x00000000d5580000,0x00000000fb280000,0x00000000fb280000)
  from space 4608K, 34% used [0x00000000fb280000,0x00000000fb408010,0x00000000fb700000)
  to   space 5120K, 0% used [0x00000000fb700000,0x00000000fb700000,0x00000000fbc00000)
 ParOldGen       total 89600K, used 43070K [0x0000000080000000, 0x0000000085780000, 0x00000000d5580000)
  object space 89600K, 48% used [0x0000000080000000,0x0000000082a0fa10,0x0000000085780000)
 Metaspace       used 36609K, capacity 38272K, committed 38400K, reserved 1081344K
  class space    used 5218K, capacity 5593K, committed 5632K, reserved 1048576K
Event: 16.354 GC heap after
Heap after GC invocations=44 (full 2):
 PSYoungGen      total 624640K, used 1784K [0x00000000d5580000, 0x00000000fbf00000, 0x0000000100000000)
  eden space 619520K, 0% used [0x00000000d5580000,0x00000000d5580000,0x00000000fb280000)
  from space 5120K, 34% used [0x00000000fb700000,0x00000000fb8be240,0x00000000fbc00000)
  to   space 4608K, 0% used [0x00000000fb280000,0x00000000fb280000,0x00000000fb700000)
 ParOldGen       total 89600K, used 44470K [0x0000000080000000, 0x0000000085780000, 0x00000000d5580000)
  object space 89600K, 49% used [0x0000000080000000,0x0000000082b6da20,0x0000000085780000)
 Metaspace       used 36609K, capacity 38272K, committed 38400K, reserved 1081344K
  class space    used 5218K, capacity 5593K, committed 5632K, reserved 1048576K
}
Event: 16.653 GC heap before
{Heap before GC invocations=45 (full 2):
 PSYoungGen      total 624640K, used 621304K [0x00000000d5580000, 0x00000000fbf00000, 0x0000000100000000)
  eden space 619520K, 100% used [0x00000000d5580000,0x00000000fb280000,0x00000000fb280000)
  from space 5120K, 34% used [0x00000000fb700000,0x00000000fb8be240,0x00000000fbc00000)
  to   space 4608K, 0% used [0x00000000fb280000,0x00000000fb280000,0x00000000fb700000)
 ParOldGen       total 89600K, used 44470K [0x0000000080000000, 0x0000000085780000, 0x00000000d5580000)
  object space 89600K, 49% used [0x0000000080000000,0x0000000082b6da20,0x0000000085780000)
 Metaspace       used 36610K, capacity 38272K, committed 38400K, reserved 1081344K
  class space    used 5218K, capacity 5593K, committed 5632K, reserved 1048576K
Event: 16.660 GC heap after
Heap after GC invocations=45 (full 2):
 PSYoungGen      total 624128K, used 1088K [0x00000000d5580000, 0x00000000fbf00000, 0x0000000100000000)
  eden space 619520K, 0% used [0x00000000d5580000,0x00000000d5580000,0x00000000fb280000)
  from space 4608K, 23% used [0x00000000fb280000,0x00000000fb390000,0x00000000fb700000)
  to   space 5120K, 0% used [0x00000000fb700000,0x00000000fb700000,0x00000000fbc00000)
 ParOldGen       total 89600K, used 45554K [0x0000000080000000, 0x0000000085780000, 0x00000000d5580000)
  object space 89600K, 50% used [0x0000000080000000,0x0000000082c7ca40,0x0000000085780000)
 Metaspace       used 36610K, capacity 38272K, committed 38400K, reserved 1081344K
  class space    used 5218K, capacity 5593K, committed 5632K, reserved 1048576K
}
Event: 16.952 GC heap before
{Heap before GC invocations=46 (full 2):
 PSYoungGen      total 624128K, used 620608K [0x00000000d5580000, 0x00000000fbf00000, 0x0000000100000000)
  eden space 619520K, 100% used [0x00000000d5580000,0x00000000fb280000,0x00000000fb280000)
  from space 4608K, 23% used [0x00000000fb280000,0x00000000fb390000,0x00000000fb700000)
  to   space 5120K, 0% used [0x00000000fb700000,0x00000000fb700000,0x00000000fbc00000)
 ParOldGen       total 89600K, used 45554K [0x0000000080000000, 0x0000000085780000, 0x00000000d5580000)
  object space 89600K, 50% used [0x0000000080000000,0x0000000082c7ca40,0x0000000085780000)
 Metaspace       used 36610K, capacity 38272K, committed 38400K, reserved 1081344K
  class space    used 5218K, capacity 5593K, committed 5632K, reserved 1048576K
Event: 16.955 GC heap after
Heap after GC invocations=46 (full 2):
 PSYoungGen      total 624640K, used 896K [0x00000000d5580000, 0x00000000fbf00000, 0x0000000100000000)
  eden space 619520K, 0% used [0x00000000d5580000,0x00000000d5580000,0x00000000fb280000)
  from space 5120K, 17% used [0x00000000fb700000,0x00000000fb7e0000,0x00000000fbc00000)
  to   space 4608K, 0% used [0x00000000fb280000,0x00000000fb280000,0x00000000fb700000)
 ParOldGen       total 89600K, used 46538K [0x0000000080000000, 0x0000000085780000, 0x00000000d5580000)
  object space 89600K, 51% used [0x0000000080000000,0x0000000082d72a50,0x0000000085780000)
 Metaspace       used 36610K, capacity 38272K, committed 38400K, reserved 1081344K
  class space    used 5218K, capacity 5593K, committed 5632K, reserved 1048576K
}
Event: 17.207 GC heap before
{Heap before GC invocations=47 (full 2):
 PSYoungGen      total 624640K, used 620416K [0x00000000d5580000, 0x00000000fbf00000, 0x0000000100000000)
  eden space 619520K, 100% used [0x00000000d5580000,0x00000000fb280000,0x00000000fb280000)
  from space 5120K, 17% used [0x00000000fb700000,0x00000000fb7e0000,0x00000000fbc00000)
  to   space 4608K, 0% used [0x00000000fb280000,0x00000000fb280000,0x00000000fb700000)
 ParOldGen       total 89600K, used 46538K [0x0000000080000000, 0x0000000085780000, 0x00000000d5580000)
  object space 89600K, 51% used [0x0000000080000000,0x0000000082d72a50,0x0000000085780000)
 Metaspace       used 36610K, capacity 38272K, committed 38400K, reserved 1081344K
  class space    used 5218K, capacity 5593K, committed 5632K, reserved 1048576K
Event: 17.210 GC heap after
Heap after GC invocations=47 (full 2):
 PSYoungGen      total 624128K, used 1120K [0x00000000d5580000, 0x00000000fbf00000, 0x0000000100000000)
  eden space 619520K, 0% used [0x00000000d5580000,0x00000000d5580000,0x00000000fb280000)
  from space 4608K, 24% used [0x00000000fb280000,0x00000000fb398000,0x00000000fb700000)
  to   space 5120K, 0% used [0x00000000fb700000,0x00000000fb700000,0x00000000fbc00000)
 ParOldGen       total 89600K, used 47306K [0x0000000080000000, 0x0000000085780000, 0x00000000d5580000)
  object space 89600K, 52% used [0x0000000080000000,0x0000000082e32a50,0x0000000085780000)
 Metaspace       used 36610K, capacity 38272K, committed 38400K, reserved 1081344K
  class space    used 5218K, capacity 5593K, committed 5632K, reserved 1048576K
}
Event: 17.532 GC heap before
{Heap before GC invocations=48 (full 2):
 PSYoungGen      total 624128K, used 620640K [0x00000000d5580000, 0x00000000fbf00000, 0x0000000100000000)
  eden space 619520K, 100% used [0x00000000d5580000,0x00000000fb280000,0x00000000fb280000)
  from space 4608K, 24% used [0x00000000fb280000,0x00000000fb398000,0x00000000fb700000)
  to   space 5120K, 0% used [0x00000000fb700000,0x00000000fb700000,0x00000000fbc00000)
 ParOldGen       total 89600K, used 47306K [0x0000000080000000, 0x0000000085780000, 0x00000000d5580000)
  object space 89600K, 52% used [0x0000000080000000,0x0000000082e32a50,0x0000000085780000)
 Metaspace       used 36612K, capacity 38272K, committed 38400K, reserved 1081344K
  class space    used 5218K, capacity 5593K, committed 5632K, reserved 1048576K
Event: 17.535 GC heap after
Heap after GC invocations=48 (full 2):
 PSYoungGen      total 624640K, used 1344K [0x00000000d5580000, 0x00000000fbf00000, 0x0000000100000000)
  eden space 619520K, 0% used [0x00000000d5580000,0x00000000d5580000,0x00000000fb280000)
  from space 5120K, 26% used [0x00000000fb700000,0x00000000fb850000,0x00000000fbc00000)
  to   space 4608K, 0% used [0x00000000fb280000,0x00000000fb280000,0x00000000fb700000)
 ParOldGen       total 89600K, used 48218K [0x0000000080000000, 0x0000000085780000, 0x00000000d5580000)
  object space 89600K, 53% used [0x0000000080000000,0x0000000082f16a50,0x0000000085780000)
 Metaspace       used 36612K, capacity 38272K, committed 38400K, reserved 1081344K
  class space    used 5218K, capacity 5593K, committed 5632K, reserved 1048576K
}

