# JRE version: Java(TM) SE Runtime Environment (8.0_311-b11) (build 1.8.0_311-b11)
# Java VM: Java HotSpot(TM) 64-Bit Server VM (25.311-b11 mixed mode windows-amd64 compressed oops)
Heap:
 PSYoungGen      total 654336K, used 379827K [0x00000000d5580000, 0x00000000fef00000, 0x0000000100000000)
  eden space 644608K, 57% used [0x00000000d5580000,0x00000000ebf1f8c8,0x00000000fcb00000)
  from space 9728K, 97% used [0x00000000fe580000,0x00000000feecd5d0,0x00000000fef00000)
  to   space 15872K, 0% used [0x00000000fd000000,0x00000000fd000000,0x00000000fdf80000)
 ParOldGen       total 89600K, used 36709K [0x0000000080000000, 0x0000000085780000, 0x00000000d5580000)
  object space 89600K, 40% used [0x0000000080000000,0x00000000823d94c8,0x0000000085780000)
 Metaspace       used 42032K, capacity 44122K, committed 44416K, reserved 1087488K
  class space    used 6000K, capacity 6429K, committed 6528K, reserved 1048576K
GC Heap History (10 events):
Event: 13.716 GC heap before
{Heap before GC invocations=22 (full 2):
 PSYoungGen      total 396800K, used 382612K [0x00000000d5580000, 0x00000000f4200000, 0x0000000100000000)
  eden space 380928K, 100% used [0x00000000d5580000,0x00000000ec980000,0x00000000ec980000)
  from space 15872K, 10% used [0x00000000ec980000,0x00000000ecb25098,0x00000000ed900000)
  to   space 15360K, 0% used [0x00000000f3300000,0x00000000f3300000,0x00000000f4200000)
 ParOldGen       total 89600K, used 32853K [0x0000000080000000, 0x0000000085780000, 0x00000000d5580000)
  object space 89600K, 36% used [0x0000000080000000,0x00000000820154c8,0x0000000085780000)
 Metaspace       used 36433K, capacity 38004K, committed 38144K, reserved 1081344K
  class space    used 5187K, capacity 5542K, committed 5632K, reserved 1048576K
Event: 13.719 GC heap after
Heap after GC invocations=22 (full 2):
 PSYoungGen      total 478720K, used 1136K [0x00000000d5580000, 0x00000000f3d00000, 0x0000000100000000)
  eden space 468480K, 0% used [0x00000000d5580000,0x00000000d5580000,0x00000000f1f00000)
  from space 10240K, 11% used [0x00000000f3300000,0x00000000f341c378,0x00000000f3d00000)
  to   space 15360K, 0% used [0x00000000f1f00000,0x00000000f1f00000,0x00000000f2e00000)
 ParOldGen       total 89600K, used 34165K [0x0000000080000000, 0x0000000085780000, 0x00000000d5580000)
  object space 89600K, 38% used [0x0000000080000000,0x000000008215d4c8,0x0000000085780000)
 Metaspace       used 36433K, capacity 38004K, committed 38144K, reserved 1081344K
  class space    used 5187K, capacity 5542K, committed 5632K, reserved 1048576K
}
Event: 14.158 GC heap before
{Heap before GC invocations=23 (full 2):
 PSYoungGen      total 478720K, used 469616K [0x00000000d5580000, 0x00000000f3d00000, 0x0000000100000000)
  eden space 468480K, 100% used [0x00000000d5580000,0x00000000f1f00000,0x00000000f1f00000)
  from space 10240K, 11% used [0x00000000f3300000,0x00000000f341c378,0x00000000f3d00000)
  to   space 15360K, 0% used [0x00000000f1f00000,0x00000000f1f00000,0x00000000f2e00000)
 ParOldGen       total 89600K, used 34165K [0x0000000080000000, 0x0000000085780000, 0x00000000d5580000)
  object space 89600K, 38% used [0x0000000080000000,0x000000008215d4c8,0x0000000085780000)
 Metaspace       used 36434K, capacity 38004K, committed 38144K, reserved 1081344K
  class space    used 5187K, capacity 5542K, committed 5632K, reserved 1048576K
Event: 14.161 GC heap after
Heap after GC invocations=23 (full 2):
 PSYoungGen      total 483840K, used 1152K [0x00000000d5580000, 0x00000000f9e00000, 0x0000000100000000)
  eden space 468480K, 0% used [0x00000000d5580000,0x00000000d5580000,0x00000000f1f00000)
  from space 15360K, 7% used [0x00000000f1f00000,0x00000000f2020000,0x00000000f2e00000)
  to   space 15360K, 0% used [0x00000000f8f00000,0x00000000f8f00000,0x00000000f9e00000)
 ParOldGen       total 89600K, used 35101K [0x0000000080000000, 0x0000000085780000, 0x00000000d5580000)
  object space 89600K, 39% used [0x0000000080000000,0x00000000822474c8,0x0000000085780000)
 Metaspace       used 36434K, capacity 38004K, committed 38144K, reserved 1081344K
  class space    used 5187K, capacity 5542K, committed 5632K, reserved 1048576K
}
Event: 14.568 GC heap before
{Heap before GC invocations=24 (full 2):
 PSYoungGen      total 483840K, used 469632K [0x00000000d5580000, 0x00000000f9e00000, 0x0000000100000000)
  eden space 468480K, 100% used [0x00000000d5580000,0x00000000f1f00000,0x00000000f1f00000)
  from space 15360K, 7% used [0x00000000f1f00000,0x00000000f2020000,0x00000000f2e00000)
  to   space 15360K, 0% used [0x00000000f8f00000,0x00000000f8f00000,0x00000000f9e00000)
 ParOldGen       total 89600K, used 35101K [0x0000000080000000, 0x0000000085780000, 0x00000000d5580000)
  object space 89600K, 39% used [0x0000000080000000,0x00000000822474c8,0x0000000085780000)
 Metaspace       used 36434K, capacity 38004K, committed 38144K, reserved 1081344K
  class space    used 5187K, capacity 5542K, committed 5632K, reserved 1048576K
Event: 14.570 GC heap after
Heap after GC invocations=24 (full 2):
 PSYoungGen      total 567808K, used 1376K [0x00000000d5580000, 0x00000000f9600000, 0x0000000100000000)
  eden space 560640K, 0% used [0x00000000d5580000,0x00000000d5580000,0x00000000f7900000)
  from space 7168K, 19% used [0x00000000f8f00000,0x00000000f9058000,0x00000000f9600000)
  to   space 14848K, 0% used [0x00000000f7900000,0x00000000f7900000,0x00000000f8780000)
 ParOldGen       total 89600K, used 36157K [0x0000000080000000, 0x0000000085780000, 0x00000000d5580000)
  object space 89600K, 40% used [0x0000000080000000,0x000000008234f4c8,0x0000000085780000)
 Metaspace       used 36434K, capacity 38004K, committed 38144K, reserved 1081344K
  class space    used 5187K, capacity 5542K, committed 5632K, reserved 1048576K
}
Event: 20.269 GC heap before
{Heap before GC invocations=25 (full 2):
 PSYoungGen      total 567808K, used 562016K [0x00000000d5580000, 0x00000000f9600000, 0x0000000100000000)
  eden space 560640K, 100% used [0x00000000d5580000,0x00000000f7900000,0x00000000f7900000)
  from space 7168K, 19% used [0x00000000f8f00000,0x00000000f9058000,0x00000000f9600000)
  to   space 14848K, 0% used [0x00000000f7900000,0x00000000f7900000,0x00000000f8780000)
 ParOldGen       total 89600K, used 36157K [0x0000000080000000, 0x0000000085780000, 0x00000000d5580000)
  object space 89600K, 40% used [0x0000000080000000,0x000000008234f4c8,0x0000000085780000)
 Metaspace       used 36614K, capacity 38324K, committed 38400K, reserved 1081344K
  class space    used 5214K, capacity 5594K, committed 5632K, reserved 1048576K
Event: 20.276 GC heap after
Heap after GC invocations=25 (full 2):
 PSYoungGen      total 575488K, used 7963K [0x00000000d5580000, 0x00000000ff400000, 0x0000000100000000)
  eden space 560640K, 0% used [0x00000000d5580000,0x00000000d5580000,0x00000000f7900000)
  from space 14848K, 53% used [0x00000000f7900000,0x00000000f80c6e18,0x00000000f8780000)
  to   space 14848K, 0% used [0x00000000fe580000,0x00000000fe580000,0x00000000ff400000)
 ParOldGen       total 89600K, used 36701K [0x0000000080000000, 0x0000000085780000, 0x00000000d5580000)
  object space 89600K, 40% used [0x0000000080000000,0x00000000823d74c8,0x0000000085780000)
 Metaspace       used 36614K, capacity 38324K, committed 38400K, reserved 1081344K
  class space    used 5214K, capacity 5594K, committed 5632K, reserved 1048576K
}
Event: 26.855 GC heap before
{Heap before GC invocations=26 (full 2):
 PSYoungGen      total 575488K, used 568603K [0x00000000d5580000, 0x00000000ff400000, 0x0000000100000000)
  eden space 560640K, 100% used [0x00000000d5580000,0x00000000f7900000,0x00000000f7900000)
  from space 14848K, 53% used [0x00000000f7900000,0x00000000f80c6e18,0x00000000f8780000)
  to   space 14848K, 0% used [0x00000000fe580000,0x00000000fe580000,0x00000000ff400000)
 ParOldGen       total 89600K, used 36701K [0x0000000080000000, 0x0000000085780000, 0x00000000d5580000)
  object space 89600K, 40% used [0x0000000080000000,0x00000000823d74c8,0x0000000085780000)
 Metaspace       used 42031K, capacity 44122K, committed 44416K, reserved 1087488K
  class space    used 6000K, capacity 6429K, committed 6528K, reserved 1048576K
Event: 26.866 GC heap after
Heap after GC invocations=26 (full 2):
 PSYoungGen      total 654336K, used 9525K [0x00000000d5580000, 0x00000000fef00000, 0x0000000100000000)
  eden space 644608K, 0% used [0x00000000d5580000,0x00000000d5580000,0x00000000fcb00000)
  from space 9728K, 97% used [0x00000000fe580000,0x00000000feecd5d0,0x00000000fef00000)
  to   space 15872K, 0% used [0x00000000fd000000,0x00000000fd000000,0x00000000fdf80000)
 ParOldGen       total 89600K, used 36709K [0x0000000080000000, 0x0000000085780000, 0x00000000d5580000)
  object space 89600K, 40% used [0x0000000080000000,0x00000000823d94c8,0x0000000085780000)
 Metaspace       used 42031K, capacity 44122K, committed 44416K, reserved 1087488K
  class space    used 6000K, capacity 6429K, committed 6528K, reserved 1048576K
}

