# JRE version: Java(TM) SE Runtime Environment (8.0_311-b11) (build 1.8.0_311-b11)
# Java VM: Java HotSpot(TM) 64-Bit Server VM (25.311-b11 mixed mode windows-amd64 compressed oops)
Heap:
 PSYoungGen      total 208384K, used 3849K [0x00000000d5580000, 0x00000000e8b00000, 0x0000000100000000)
  eden space 195072K, 1% used [0x00000000d5580000,0x00000000d58b24f0,0x00000000e1400000)
  from space 13312K, 4% used [0x00000000e7e00000,0x00000000e7e90000,0x00000000e8b00000)
  to   space 1024K, 0% used [0x00000000e1400000,0x00000000e1400000,0x00000000e1500000)
 ParOldGen       total 60928K, used 24426K [0x0000000080000000, 0x0000000083b80000, 0x00000000d5580000)
  object space 60928K, 40% used [0x0000000080000000,0x00000000817da900,0x0000000083b80000)
 Metaspace       used 41398K, capacity 43242K, committed 43520K, reserved 1087488K
  class space    used 5905K, capacity 6288K, committed 6400K, reserved 1048576K
GC Heap History (10 events):
Event: 319.449 GC heap before
{Heap before GC invocations=13 (full 2):
 PSYoungGen      total 132096K, used 131687K [0x00000000d5580000, 0x00000000e2c00000, 0x0000000100000000)
  eden space 121856K, 100% used [0x00000000d5580000,0x00000000dcc80000,0x00000000dcc80000)
  from space 10240K, 96% used [0x00000000e2200000,0x00000000e2b99d38,0x00000000e2c00000)
  to   space 12288K, 0% used [0x00000000e1400000,0x00000000e1400000,0x00000000e2000000)
 ParOldGen       total 60928K, used 18715K [0x0000000080000000, 0x0000000083b80000, 0x00000000d5580000)
  object space 60928K, 30% used [0x0000000080000000,0x0000000081246fd0,0x0000000083b80000)
 Metaspace       used 41283K, capacity 43114K, committed 43264K, reserved 1085440K
  class space    used 5904K, capacity 6288K, committed 6400K, reserved 1048576K
Event: 319.469 GC heap after
Heap after GC invocations=13 (full 2):
 PSYoungGen      total 189440K, used 858K [0x00000000d5580000, 0x00000000e2680000, 0x0000000100000000)
  eden space 188416K, 0% used [0x00000000d5580000,0x00000000d5580000,0x00000000e0d80000)
  from space 1024K, 83% used [0x00000000e1400000,0x00000000e14d6958,0x00000000e1500000)
  to   space 12800K, 0% used [0x00000000e1a00000,0x00000000e1a00000,0x00000000e2680000)
 ParOldGen       total 60928K, used 22786K [0x0000000080000000, 0x0000000083b80000, 0x00000000d5580000)
  object space 60928K, 37% used [0x0000000080000000,0x00000000816408d0,0x0000000083b80000)
 Metaspace       used 41283K, capacity 43114K, committed 43264K, reserved 1085440K
  class space    used 5904K, capacity 6288K, committed 6400K, reserved 1048576K
}
Event: 327.435 GC heap before
{Heap before GC invocations=14 (full 2):
 PSYoungGen      total 189440K, used 189274K [0x00000000d5580000, 0x00000000e2680000, 0x0000000100000000)
  eden space 188416K, 100% used [0x00000000d5580000,0x00000000e0d80000,0x00000000e0d80000)
  from space 1024K, 83% used [0x00000000e1400000,0x00000000e14d6958,0x00000000e1500000)
  to   space 12800K, 0% used [0x00000000e1a00000,0x00000000e1a00000,0x00000000e2680000)
 ParOldGen       total 60928K, used 22786K [0x0000000080000000, 0x0000000083b80000, 0x00000000d5580000)
  object space 60928K, 37% used [0x0000000080000000,0x00000000816408d0,0x0000000083b80000)
 Metaspace       used 41379K, capacity 43242K, committed 43520K, reserved 1087488K
  class space    used 5905K, capacity 6288K, committed 6400K, reserved 1048576K
Event: 327.451 GC heap after
Heap after GC invocations=14 (full 2):
 PSYoungGen      total 201216K, used 192K [0x00000000d5580000, 0x00000000e2680000, 0x0000000100000000)
  eden space 188416K, 0% used [0x00000000d5580000,0x00000000d5580000,0x00000000e0d80000)
  from space 12800K, 1% used [0x00000000e1a00000,0x00000000e1a30000,0x00000000e2680000)
  to   space 1024K, 0% used [0x00000000e1400000,0x00000000e1400000,0x00000000e1500000)
 ParOldGen       total 60928K, used 22802K [0x0000000080000000, 0x0000000083b80000, 0x00000000d5580000)
  object space 60928K, 37% used [0x0000000080000000,0x00000000816448d0,0x0000000083b80000)
 Metaspace       used 41379K, capacity 43242K, committed 43520K, reserved 1087488K
  class space    used 5905K, capacity 6288K, committed 6400K, reserved 1048576K
}
Event: 328.920 GC heap before
{Heap before GC invocations=15 (full 2):
 PSYoungGen      total 201216K, used 188608K [0x00000000d5580000, 0x00000000e2680000, 0x0000000100000000)
  eden space 188416K, 100% used [0x00000000d5580000,0x00000000e0d80000,0x00000000e0d80000)
  from space 12800K, 1% used [0x00000000e1a00000,0x00000000e1a30000,0x00000000e2680000)
  to   space 1024K, 0% used [0x00000000e1400000,0x00000000e1400000,0x00000000e1500000)
 ParOldGen       total 60928K, used 22802K [0x0000000080000000, 0x0000000083b80000, 0x00000000d5580000)
  object space 60928K, 37% used [0x0000000080000000,0x00000000816448d0,0x0000000083b80000)
 Metaspace       used 41393K, capacity 43242K, committed 43520K, reserved 1087488K
  class space    used 5905K, capacity 6288K, committed 6400K, reserved 1048576K
Event: 328.932 GC heap after
Heap after GC invocations=15 (full 2):
 PSYoungGen      total 189440K, used 704K [0x00000000d5580000, 0x00000000e2680000, 0x0000000100000000)
  eden space 188416K, 0% used [0x00000000d5580000,0x00000000d5580000,0x00000000e0d80000)
  from space 1024K, 68% used [0x00000000e1400000,0x00000000e14b0000,0x00000000e1500000)
  to   space 12800K, 0% used [0x00000000e1a00000,0x00000000e1a00000,0x00000000e2680000)
 ParOldGen       total 60928K, used 22890K [0x0000000080000000, 0x0000000083b80000, 0x00000000d5580000)
  object space 60928K, 37% used [0x0000000080000000,0x000000008165a8f0,0x0000000083b80000)
 Metaspace       used 41393K, capacity 43242K, committed 43520K, reserved 1087488K
  class space    used 5905K, capacity 6288K, committed 6400K, reserved 1048576K
}
Event: 330.067 GC heap before
{Heap before GC invocations=16 (full 2):
 PSYoungGen      total 189440K, used 189120K [0x00000000d5580000, 0x00000000e2680000, 0x0000000100000000)
  eden space 188416K, 100% used [0x00000000d5580000,0x00000000e0d80000,0x00000000e0d80000)
  from space 1024K, 68% used [0x00000000e1400000,0x00000000e14b0000,0x00000000e1500000)
  to   space 12800K, 0% used [0x00000000e1a00000,0x00000000e1a00000,0x00000000e2680000)
 ParOldGen       total 60928K, used 22890K [0x0000000080000000, 0x0000000083b80000, 0x00000000d5580000)
  object space 60928K, 37% used [0x0000000080000000,0x000000008165a8f0,0x0000000083b80000)
 Metaspace       used 41398K, capacity 43242K, committed 43520K, reserved 1087488K
  class space    used 5905K, capacity 6288K, committed 6400K, reserved 1048576K
Event: 330.078 GC heap after
Heap after GC invocations=16 (full 2):
 PSYoungGen      total 201216K, used 544K [0x00000000d5580000, 0x00000000e2680000, 0x0000000100000000)
  eden space 188416K, 0% used [0x00000000d5580000,0x00000000d5580000,0x00000000e0d80000)
  from space 12800K, 4% used [0x00000000e1a00000,0x00000000e1a88000,0x00000000e2680000)
  to   space 1024K, 0% used [0x00000000e1400000,0x00000000e1400000,0x00000000e1500000)
 ParOldGen       total 60928K, used 23442K [0x0000000080000000, 0x0000000083b80000, 0x00000000d5580000)
  object space 60928K, 38% used [0x0000000080000000,0x00000000816e48f0,0x0000000083b80000)
 Metaspace       used 41398K, capacity 43242K, committed 43520K, reserved 1087488K
  class space    used 5905K, capacity 6288K, committed 6400K, reserved 1048576K
}
Event: 331.156 GC heap before
{Heap before GC invocations=17 (full 2):
 PSYoungGen      total 201216K, used 188960K [0x00000000d5580000, 0x00000000e2680000, 0x0000000100000000)
  eden space 188416K, 100% used [0x00000000d5580000,0x00000000e0d80000,0x00000000e0d80000)
  from space 12800K, 4% used [0x00000000e1a00000,0x00000000e1a88000,0x00000000e2680000)
  to   space 1024K, 0% used [0x00000000e1400000,0x00000000e1400000,0x00000000e1500000)
 ParOldGen       total 60928K, used 23442K [0x0000000080000000, 0x0000000083b80000, 0x00000000d5580000)
  object space 60928K, 38% used [0x0000000080000000,0x00000000816e48f0,0x0000000083b80000)
 Metaspace       used 41398K, capacity 43242K, committed 43520K, reserved 1087488K
  class space    used 5905K, capacity 6288K, committed 6400K, reserved 1048576K
Event: 331.174 GC heap after
Heap after GC invocations=17 (full 2):
 PSYoungGen      total 196096K, used 544K [0x00000000d5580000, 0x00000000e8b00000, 0x0000000100000000)
  eden space 195072K, 0% used [0x00000000d5580000,0x00000000d5580000,0x00000000e1400000)
  from space 1024K, 53% used [0x00000000e1400000,0x00000000e1488010,0x00000000e1500000)
  to   space 13312K, 0% used [0x00000000e7e00000,0x00000000e7e00000,0x00000000e8b00000)
 ParOldGen       total 60928K, used 23906K [0x0000000080000000, 0x0000000083b80000, 0x00000000d5580000)
  object space 60928K, 39% used [0x0000000080000000,0x00000000817588f0,0x0000000083b80000)
 Metaspace       used 41398K, capacity 43242K, committed 43520K, reserved 1087488K
  class space    used 5905K, capacity 6288K, committed 6400K, reserved 1048576K
}

